android/app/build/intermediates/manifest_merge_blame_file/debug/manifest-merger-blame-debug-report.txt
1<?xml version="1.0" encoding="utf-8"?>
2<manifest xmlns:android="http://schemas.android.com/apk/res/android"
3    package="labs.pooh.eaterslab"
4    android:versionCode="1"
5    android:versionName="1.0" >
6
7    <uses-sdk
8        android:minSdkVersion="21"
8-->src/main/AndroidManifest.xml
9        android:targetSdkVersion="29" />
9-->src/main/AndroidManifest.xml
10
11    <!-- PERMISSIONS -->
12    <uses-permission android:name="android.permission.ACCESS_FINE_LOCATION" />
12-->src/main/AndroidManifest.xml:6:5-79
12-->src/main/AndroidManifest.xml:6:22-76
13    <uses-permission android:name="android.permission.INTERNET" />
13-->src/main/AndroidManifest.xml:7:5-67
13-->src/main/AndroidManifest.xml:7:22-64
14    <uses-permission android:name="android.permission.ACCESS_NETWORK_STATE" />
14-->src/main/AndroidManifest.xml:8:5-79
14-->src/main/AndroidManifest.xml:8:22-76
15    <uses-permission android:name="android.permission.WRITE_EXTERNAL_STORAGE" />
15-->src/main/AndroidManifest.xml:9:5-81
15-->src/main/AndroidManifest.xml:9:22-78
16
17    <supports-screens
17-->[org.osmdroid:osmdroid-android:6.1.6] AndroidManifest.xml:11:5-14:40
18        android:anyDensity="true"
18-->[org.osmdroid:osmdroid-android:6.1.6] AndroidManifest.xml:12:9-34
19        android:largeScreens="true"
19-->[org.osmdroid:osmdroid-android:6.1.6] AndroidManifest.xml:13:9-36
20        android:normalScreens="true" />
20-->[org.osmdroid:osmdroid-android:6.1.6] AndroidManifest.xml:14:9-37
21
22    <uses-feature
22-->[org.osmdroid:osmdroid-android:6.1.6] AndroidManifest.xml:16:5-18:36
23        android:name="android.hardware.location.network"
23-->[org.osmdroid:osmdroid-android:6.1.6] AndroidManifest.xml:17:9-57
24        android:required="false" />
24-->[org.osmdroid:osmdroid-android:6.1.6] AndroidManifest.xml:18:9-33
25    <uses-feature
25-->[org.osmdroid:osmdroid-android:6.1.6] AndroidManifest.xml:19:5-21:36
26        android:name="android.hardware.location.gps"
26-->[org.osmdroid:osmdroid-android:6.1.6] AndroidManifest.xml:20:9-53
27        android:required="false" />
27-->[org.osmdroid:osmdroid-android:6.1.6] AndroidManifest.xml:21:9-33
28    <uses-feature
28-->[org.osmdroid:osmdroid-android:6.1.6] AndroidManifest.xml:22:5-24:36
29        android:name="android.hardware.telephony"
29-->[org.osmdroid:osmdroid-android:6.1.6] AndroidManifest.xml:23:9-50
30        android:required="false" />
30-->[org.osmdroid:osmdroid-android:6.1.6] AndroidManifest.xml:24:9-33
31    <uses-feature
31-->[org.osmdroid:osmdroid-android:6.1.6] AndroidManifest.xml:25:5-27:36
32        android:name="android.hardware.wifi"
32-->[org.osmdroid:osmdroid-android:6.1.6] AndroidManifest.xml:26:9-45
33        android:required="false" />
33-->[org.osmdroid:osmdroid-android:6.1.6] AndroidManifest.xml:27:9-33
34
35    <application
35-->src/main/AndroidManifest.xml:11:5-41:19
36        android:name="labs.pooh.eaterslab.App"
36-->src/main/AndroidManifest.xml:12:9-28
37        android:allowBackup="true"
37-->src/main/AndroidManifest.xml:13:9-35
38        android:appComponentFactory="androidx.core.app.CoreComponentFactory"
38-->[androidx.core:core:1.2.0] AndroidManifest.xml:24:18-86
39        android:debuggable="true"
40        android:icon="@mipmap/ic_launcher"
40-->src/main/AndroidManifest.xml:14:9-43
41        android:label="@string/app_name"
41-->src/main/AndroidManifest.xml:15:9-41
42        android:roundIcon="@mipmap/ic_launcher_round"
42-->src/main/AndroidManifest.xml:16:9-54
43        android:supportsRtl="true"
43-->src/main/AndroidManifest.xml:17:9-35
44        android:testOnly="true"
45        android:theme="@style/AppTheme.NoActionBar" >
45-->src/main/AndroidManifest.xml:18:9-52
46        <activity
46-->src/main/AndroidManifest.xml:19:9-27:20
47            android:name="labs.pooh.eaterslab.ui.activity.hello.HelloSelectActivity"
47-->src/main/AndroidManifest.xml:20:13-85
48            android:label="@string/app_name" >
48-->src/main/AndroidManifest.xml:21:13-45
49            <intent-filter>
49-->src/main/AndroidManifest.xml:22:13-26:29
50                <action android:name="android.intent.action.MAIN" />
50-->src/main/AndroidManifest.xml:23:17-69
50-->src/main/AndroidManifest.xml:23:25-66
51
52                <category android:name="android.intent.category.LAUNCHER" />
52-->src/main/AndroidManifest.xml:25:17-77
52-->src/main/AndroidManifest.xml:25:27-74
53            </intent-filter>
54        </activity>
55        <activity
55-->src/main/AndroidManifest.xml:28:9-30:55
56            android:name="labs.pooh.eaterslab.ui.activity.map.MapSearchActivity"
56-->src/main/AndroidManifest.xml:29:13-81
57            android:label="@string/search_map_title" />
57-->src/main/AndroidManifest.xml:30:13-53
58        <activity
58-->src/main/AndroidManifest.xml:31:9-34:47
59            android:name="labs.pooh.eaterslab.ui.activity.main.MainActivity"
59-->src/main/AndroidManifest.xml:32:13-77
60            android:hardwareAccelerated="true"
60-->src/main/AndroidManifest.xml:33:13-47
61            android:label="@string/app_name" />
61-->src/main/AndroidManifest.xml:34:13-45
62        <activity
62-->src/main/AndroidManifest.xml:35:9-37:62
63            android:name="labs.pooh.eaterslab.ui.activity.settings.SettingsActivity"
63-->src/main/AndroidManifest.xml:36:13-85
64            android:label="@string/title_activity_settings" />
64-->src/main/AndroidManifest.xml:37:13-60
65        <activity
65-->src/main/AndroidManifest.xml:38:9-40:45
66            android:name="labs.pooh.eaterslab.ui.activity.loading.LoadingConnectionActivity"
66-->src/main/AndroidManifest.xml:39:13-93
67            android:launchMode="singleTop" />
67-->src/main/AndroidManifest.xml:40:13-43
68
69        <provider
69-->[androidx.lifecycle:lifecycle-process:2.2.0] AndroidManifest.xml:25:9-29:43
70            android:name="androidx.lifecycle.ProcessLifecycleOwnerInitializer"
70-->[androidx.lifecycle:lifecycle-process:2.2.0] AndroidManifest.xml:26:13-79
71            android:authorities="labs.pooh.eaterslab.lifecycle-process"
71-->[androidx.lifecycle:lifecycle-process:2.2.0] AndroidManifest.xml:27:13-69
72            android:exported="false"
72-->[androidx.lifecycle:lifecycle-process:2.2.0] AndroidManifest.xml:28:13-37
73            android:multiprocess="true" />
73-->[androidx.lifecycle:lifecycle-process:2.2.0] AndroidManifest.xml:29:13-40
74    </application>
75
76</manifest>